[2019-02-08 20:37:53,650] multiqc                                            [DEBUG  ]  No MultiQC config found: /usr/local/lib/python3.6/dist-packages/multiqc_config.yaml
[2019-02-08 20:37:53,650] multiqc                                            [DEBUG  ]  No MultiQC config found: /root/.multiqc_config.yaml
[2019-02-08 20:37:53,650] multiqc                                            [DEBUG  ]  No MultiQC config found: multiqc_config.yaml
[2019-02-08 20:37:53,650] multiqc                                            [DEBUG  ]  Command used: /usr/local/bin/multiqc --force -o multiqc -n multiqc.html fastqc/run_1
[2019-02-08 20:37:53,840] multiqc                                            [WARNING]  MultiQC Version v1.7 now available!
[2019-02-08 20:37:53,840] multiqc                                            [INFO   ]  This is MultiQC v1.5
[2019-02-08 20:37:53,840] multiqc                                            [DEBUG  ]  Command     : /usr/local/bin/multiqc --force -o multiqc -n multiqc.html fastqc/run_1
[2019-02-08 20:37:53,841] multiqc                                            [DEBUG  ]  Working dir : /output
[2019-02-08 20:37:53,841] multiqc                                            [INFO   ]  Template    : default
[2019-02-08 20:37:53,841] multiqc                                            [INFO   ]  Searching 'fastqc/run_1'
[2019-02-08 20:37:53,841] multiqc                                            [DEBUG  ]  Analysing modules: custom_content, conpair, peddy, methylQA, qualimap, preseq, quast, qorts, rna_seqc, rsem, rseqc, busco, goleft_indexcov, disambiguate, supernova, deeptools, sargasso, verifybamid, homer, macs2, theta2, snpeff, gatk, htseq, bcftools, featureCounts, dedup, picard, prokka, samblaster, samtools, bamtools, jellyfish, vcftools, bbmap, bismark, hicexplorer, hicup, salmon, kallisto, slamdunk, star, hisat2, tophat, bowtie2, bowtie1, leehom, adapterRemoval, clipandmerge, cutadapt, flexbar, trimmomatic, skewer, sortmerna, biobloomtools, fastq_screen, afterqc, fastqc, clusterflow, bcl2fastq, interop
[2019-02-08 20:37:53,842] multiqc                                            [DEBUG  ]  Using temporary directory for creating report: /tmp/tmpqfjtayq_
[2019-02-08 20:37:53,994] multiqc                                            [DEBUG  ]  Ignoring file as matched an ignore pattern: 1559_XXXX_L001_R1_fastqc.html
[2019-02-08 20:37:53,995] multiqc                                            [DEBUG  ]  Ignoring file as matched an ignore pattern: 1561_XXXX_L001_R1_fastqc.html
[2019-02-08 20:37:54,012] multiqc                                            [DEBUG  ]  Ignoring file as matched an ignore pattern: 1557_XXXX_L001_R1_fastqc.html
[2019-02-08 20:37:54,014] multiqc                                            [DEBUG  ]  Ignoring file as matched an ignore pattern: 1562_XXXX_L001_R1_fastqc.html
[2019-02-08 20:37:54,021] multiqc                                            [DEBUG  ]  Ignoring file as matched an ignore pattern: 1563_XXXX_L001_R1_fastqc.html
[2019-02-08 20:37:54,025] multiqc                                            [DEBUG  ]  Ignoring file as matched an ignore pattern: 1564_XXXX_L001_R1_fastqc.html
[2019-02-08 20:37:54,028] multiqc                                            [DEBUG  ]  Ignoring file as matched an ignore pattern: 1558_XXXX_L001_R1_fastqc.html
[2019-02-08 20:37:54,033] multiqc                                            [DEBUG  ]  Ignoring file as matched an ignore pattern: 1553_XXXX_L001_R1_fastqc.html
[2019-02-08 20:37:54,036] multiqc                                            [DEBUG  ]  Ignoring file as matched an ignore pattern: 1555_XXXX_L001_R1_fastqc.html
[2019-02-08 20:37:54,038] multiqc                                            [DEBUG  ]  Ignoring file as matched an ignore pattern: 1554_XXXX_L001_R1_fastqc.html
[2019-02-08 20:37:54,041] multiqc                                            [DEBUG  ]  Ignoring file as matched an ignore pattern: 1556_XXXX_L001_R1_fastqc.html
[2019-02-08 20:37:54,044] multiqc                                            [DEBUG  ]  Ignoring file as matched an ignore pattern: 1560_XXXX_L001_R1_fastqc.html
[2019-02-08 20:37:55,031] multiqc                                            [DEBUG  ]  No samples found: custom_content
[2019-02-08 20:37:55,038] multiqc                                            [DEBUG  ]  No samples found: conpair
[2019-02-08 20:37:55,044] multiqc                                            [DEBUG  ]  No samples found: peddy
[2019-02-08 20:37:55,051] multiqc                                            [DEBUG  ]  No samples found: methylQA
[2019-02-08 20:37:55,061] multiqc                                            [DEBUG  ]  No samples found: qualimap
[2019-02-08 20:37:55,068] multiqc                                            [DEBUG  ]  No samples found: preseq
[2019-02-08 20:37:55,076] multiqc                                            [DEBUG  ]  No samples found: quast
[2019-02-08 20:37:55,080] multiqc                                            [DEBUG  ]  No samples found: qorts
[2019-02-08 20:37:55,089] multiqc                                            [DEBUG  ]  No samples found: rna_seqc
[2019-02-08 20:37:55,096] multiqc                                            [DEBUG  ]  No samples found: rsem
[2019-02-08 20:37:55,111] multiqc                                            [DEBUG  ]  No samples found: rseqc
[2019-02-08 20:37:55,118] multiqc                                            [DEBUG  ]  No samples found: busco
[2019-02-08 20:37:55,125] multiqc                                            [DEBUG  ]  No samples found: goleft_indexcov
[2019-02-08 20:37:55,130] multiqc                                            [DEBUG  ]  No samples found: disambiguate
[2019-02-08 20:37:55,137] multiqc                                            [DEBUG  ]  No samples found: supernova
[2019-02-08 20:37:55,149] multiqc                                            [DEBUG  ]  No samples found: deeptools
[2019-02-08 20:37:55,153] multiqc                                            [DEBUG  ]  No samples found: sargasso
[2019-02-08 20:37:55,157] multiqc                                            [DEBUG  ]  No samples found: verifybamid
[2019-02-08 20:37:55,163] multiqc                                            [DEBUG  ]  No samples found: homer
[2019-02-08 20:37:55,170] multiqc                                            [DEBUG  ]  No samples found: macs2
[2019-02-08 20:37:55,177] multiqc                                            [DEBUG  ]  No samples found: theta2
[2019-02-08 20:37:55,183] multiqc                                            [DEBUG  ]  No samples found: snpeff
[2019-02-08 20:37:55,188] multiqc                                            [DEBUG  ]  No samples found: gatk
[2019-02-08 20:37:55,195] multiqc                                            [DEBUG  ]  No samples found: htseq
[2019-02-08 20:37:55,203] multiqc                                            [DEBUG  ]  No samples found: bcftools
[2019-02-08 20:37:55,210] multiqc                                            [DEBUG  ]  No samples found: featureCounts
[2019-02-08 20:37:55,217] multiqc                                            [DEBUG  ]  No samples found: dedup
[2019-02-08 20:37:55,232] multiqc                                            [DEBUG  ]  No samples found: picard
[2019-02-08 20:37:55,238] multiqc                                            [DEBUG  ]  No samples found: prokka
[2019-02-08 20:37:55,244] multiqc                                            [DEBUG  ]  No samples found: samblaster
[2019-02-08 20:37:55,253] multiqc                                            [DEBUG  ]  No samples found: samtools
[2019-02-08 20:37:55,260] multiqc                                            [DEBUG  ]  No samples found: bamtools
[2019-02-08 20:37:55,267] multiqc                                            [DEBUG  ]  No samples found: jellyfish
[2019-02-08 20:37:55,276] multiqc                                            [DEBUG  ]  No samples found: vcftools
[2019-02-08 20:37:55,291] multiqc                                            [DEBUG  ]  No samples found: bbmap
[2019-02-08 20:37:55,300] multiqc                                            [DEBUG  ]  No samples found: bismark
[2019-02-08 20:37:55,305] multiqc                                            [DEBUG  ]  No samples found: hicexplorer
[2019-02-08 20:37:55,309] multiqc                                            [DEBUG  ]  No samples found: hicup
[2019-02-08 20:37:55,314] multiqc                                            [DEBUG  ]  No samples found: salmon
[2019-02-08 20:37:55,320] multiqc                                            [DEBUG  ]  No samples found: kallisto
[2019-02-08 20:37:55,327] multiqc                                            [DEBUG  ]  No samples found: slamdunk
[2019-02-08 20:37:55,334] multiqc                                            [DEBUG  ]  No samples found: star
[2019-02-08 20:37:55,341] multiqc                                            [DEBUG  ]  No samples found: hisat2
[2019-02-08 20:37:55,347] multiqc                                            [DEBUG  ]  No samples found: tophat
[2019-02-08 20:37:55,353] multiqc                                            [DEBUG  ]  No samples found: bowtie2
[2019-02-08 20:37:55,357] multiqc                                            [DEBUG  ]  No samples found: bowtie1
[2019-02-08 20:37:55,361] multiqc                                            [DEBUG  ]  No samples found: leehom
[2019-02-08 20:37:55,369] multiqc                                            [DEBUG  ]  No samples found: adapterRemoval
[2019-02-08 20:37:55,376] multiqc                                            [DEBUG  ]  No samples found: clipandmerge
[2019-02-08 20:37:55,383] multiqc                                            [DEBUG  ]  No samples found: cutadapt
[2019-02-08 20:37:55,390] multiqc                                            [DEBUG  ]  No samples found: flexbar
[2019-02-08 20:37:55,397] multiqc                                            [DEBUG  ]  No samples found: trimmomatic
[2019-02-08 20:37:55,404] multiqc                                            [DEBUG  ]  No samples found: skewer
[2019-02-08 20:37:55,410] multiqc                                            [DEBUG  ]  No samples found: sortmerna
[2019-02-08 20:37:55,417] multiqc                                            [DEBUG  ]  No samples found: biobloomtools
[2019-02-08 20:37:55,424] multiqc                                            [DEBUG  ]  No samples found: fastq_screen
[2019-02-08 20:37:55,431] multiqc                                            [DEBUG  ]  No samples found: afterqc
[2019-02-08 20:37:56,003] multiqc.modules.fastqc.fastqc                      [INFO   ]  Found 12 reports
[2019-02-08 20:37:56,266] multiqc                                            [DEBUG  ]  No samples found: clusterflow
[2019-02-08 20:37:56,274] multiqc                                            [DEBUG  ]  No samples found: bcl2fastq
[2019-02-08 20:37:56,281] multiqc                                            [DEBUG  ]  No samples found: interop
[2019-02-08 20:37:56,314] multiqc                                            [INFO   ]  Compressing plot data
[2019-02-08 20:37:56,585] multiqc                                            [INFO   ]  Report      : multiqc/multiqc.html
[2019-02-08 20:37:56,585] multiqc                                            [INFO   ]  Data        : multiqc/multiqc_data
[2019-02-08 20:37:56,593] multiqc                                            [DEBUG  ]  Moving data file from '/tmp/tmpqfjtayq_/multiqc_data/multiqc_fastqc.txt' to 'multiqc/multiqc_data'
[2019-02-08 20:37:56,841] multiqc                                            [DEBUG  ]  Moving data file from '/tmp/tmpqfjtayq_/multiqc_data/multiqc_general_stats.txt' to 'multiqc/multiqc_data'
[2019-02-08 20:37:56,954] multiqc                                            [DEBUG  ]  Moving data file from '/tmp/tmpqfjtayq_/multiqc_data/multiqc_sources.txt' to 'multiqc/multiqc_data'
[2019-02-08 20:37:57,105] multiqc                                            [DEBUG  ]  Moving data file from '/tmp/tmpqfjtayq_/multiqc_data/multiqc_data.json' to 'multiqc/multiqc_data'
[2019-02-08 20:37:57,397] multiqc                                            [INFO   ]  MultiQC complete
